# JRE version: Java(TM) SE Runtime Environment (8.0_221-b11) (build 1.8.0_221-b11)
# Java VM: Java HotSpot(TM) 64-Bit Server VM (25.221-b11 mixed mode windows-amd64 compressed oops)
Heap:
 PSYoungGen      total 261632K, used 23250K [0x00000000eb380000, 0x00000000fc680000, 0x0000000100000000)
  eden space 252928K, 9% used [0x00000000eb380000,0x00000000eca34928,0x00000000faa80000)
  from space 8704K, 0% used [0x00000000fbe00000,0x00000000fbe00000,0x00000000fc680000)
  to   space 13824K, 0% used [0x00000000fab80000,0x00000000fab80000,0x00000000fb900000)
 ParOldGen       total 84480K, used 23413K [0x00000000c1a00000, 0x00000000c6c80000, 0x00000000eb380000)
  object space 84480K, 27% used [0x00000000c1a00000,0x00000000c30dd6c8,0x00000000c6c80000)
 Metaspace       used 58032K, capacity 61382K, committed 61592K, reserved 1101824K
  class space    used 8009K, capacity 8576K, committed 8600K, reserved 1048576K
GC Heap History (10 events):
Event: 11.205 GC heap before
{Heap before GC invocations=13 (full 2):
 PSYoungGen      total 210432K, used 6038K [0x00000000eb380000, 0x00000000f9a00000, 0x0000000100000000)
  eden space 200704K, 0% used [0x00000000eb380000,0x00000000eb380000,0x00000000f7780000)
  from space 9728K, 62% used [0x00000000f7780000,0x00000000f7d65a48,0x00000000f8100000)
  to   space 9728K, 0% used [0x00000000f9080000,0x00000000f9080000,0x00000000f9a00000)
 ParOldGen       total 35328K, used 17207K [0x00000000c1a00000, 0x00000000c3c80000, 0x00000000eb380000)
  object space 35328K, 48% used [0x00000000c1a00000,0x00000000c2acdc88,0x00000000c3c80000)
 Metaspace       used 33710K, capacity 35386K, committed 35496K, reserved 1079296K
  class space    used 4411K, capacity 4760K, committed 4776K, reserved 1048576K
Event: 11.377 GC heap after
Heap after GC invocations=13 (full 2):
 PSYoungGen      total 210432K, used 0K [0x00000000eb380000, 0x00000000f9a00000, 0x0000000100000000)
  eden space 200704K, 0% used [0x00000000eb380000,0x00000000eb380000,0x00000000f7780000)
  from space 9728K, 0% used [0x00000000f7780000,0x00000000f7780000,0x00000000f8100000)
  to   space 9728K, 0% used [0x00000000f9080000,0x00000000f9080000,0x00000000f9a00000)
 ParOldGen       total 59904K, used 17261K [0x00000000c1a00000, 0x00000000c5480000, 0x00000000eb380000)
  object space 59904K, 28% used [0x00000000c1a00000,0x00000000c2adb620,0x00000000c5480000)
 Metaspace       used 33710K, capacity 35386K, committed 35496K, reserved 1079296K
  class space    used 4411K, capacity 4760K, committed 4776K, reserved 1048576K
}
Event: 15.062 GC heap before
{Heap before GC invocations=14 (full 2):
 PSYoungGen      total 210432K, used 200704K [0x00000000eb380000, 0x00000000f9a00000, 0x0000000100000000)
  eden space 200704K, 100% used [0x00000000eb380000,0x00000000f7780000,0x00000000f7780000)
  from space 9728K, 0% used [0x00000000f7780000,0x00000000f7780000,0x00000000f8100000)
  to   space 9728K, 0% used [0x00000000f9080000,0x00000000f9080000,0x00000000f9a00000)
 ParOldGen       total 59904K, used 17261K [0x00000000c1a00000, 0x00000000c5480000, 0x00000000eb380000)
  object space 59904K, 28% used [0x00000000c1a00000,0x00000000c2adb620,0x00000000c5480000)
 Metaspace       used 48374K, capacity 50868K, committed 51112K, reserved 1093632K
  class space    used 6787K, capacity 7237K, committed 7336K, reserved 1048576K
Event: 15.105 GC heap after
Heap after GC invocations=14 (full 2):
 PSYoungGen      total 222720K, used 9719K [0x00000000eb380000, 0x00000000fc180000, 0x0000000100000000)
  eden space 212992K, 0% used [0x00000000eb380000,0x00000000eb380000,0x00000000f8380000)
  from space 9728K, 99% used [0x00000000f9080000,0x00000000f99fdf68,0x00000000f9a00000)
  to   space 13312K, 0% used [0x00000000f8380000,0x00000000f8380000,0x00000000f9080000)
 ParOldGen       total 59904K, used 24234K [0x00000000c1a00000, 0x00000000c5480000, 0x00000000eb380000)
  object space 59904K, 40% used [0x00000000c1a00000,0x00000000c31aa940,0x00000000c5480000)
 Metaspace       used 48374K, capacity 50868K, committed 51112K, reserved 1093632K
  class space    used 6787K, capacity 7237K, committed 7336K, reserved 1048576K
}
Event: 19.265 GC heap before
{Heap before GC invocations=15 (full 2):
 PSYoungGen      total 222720K, used 222711K [0x00000000eb380000, 0x00000000fc180000, 0x0000000100000000)
  eden space 212992K, 100% used [0x00000000eb380000,0x00000000f8380000,0x00000000f8380000)
  from space 9728K, 99% used [0x00000000f9080000,0x00000000f99fdf68,0x00000000f9a00000)
  to   space 13312K, 0% used [0x00000000f8380000,0x00000000f8380000,0x00000000f9080000)
 ParOldGen       total 59904K, used 24234K [0x00000000c1a00000, 0x00000000c5480000, 0x00000000eb380000)
  object space 59904K, 40% used [0x00000000c1a00000,0x00000000c31aa940,0x00000000c5480000)
 Metaspace       used 52996K, capacity 56228K, committed 56488K, reserved 1097728K
  class space    used 7534K, capacity 8099K, committed 8104K, reserved 1048576K
Event: 19.284 GC heap after
Heap after GC invocations=15 (full 2):
 PSYoungGen      total 226304K, used 9534K [0x00000000eb380000, 0x00000000fcb80000, 0x0000000100000000)
  eden space 212992K, 0% used [0x00000000eb380000,0x00000000eb380000,0x00000000f8380000)
  from space 13312K, 71% used [0x00000000f8380000,0x00000000f8ccf8b8,0x00000000f9080000)
  to   space 13824K, 0% used [0x00000000fbe00000,0x00000000fbe00000,0x00000000fcb80000)
 ParOldGen       total 59904K, used 28394K [0x00000000c1a00000, 0x00000000c5480000, 0x00000000eb380000)
  object space 59904K, 47% used [0x00000000c1a00000,0x00000000c35ba990,0x00000000c5480000)
 Metaspace       used 52996K, capacity 56228K, committed 56488K, reserved 1097728K
  class space    used 7534K, capacity 8099K, committed 8104K, reserved 1048576K
}
Event: 27.111 GC heap before
{Heap before GC invocations=16 (full 2):
 PSYoungGen      total 226304K, used 43458K [0x00000000eb380000, 0x00000000fcb80000, 0x0000000100000000)
  eden space 212992K, 15% used [0x00000000eb380000,0x00000000ed4a0f70,0x00000000f8380000)
  from space 13312K, 71% used [0x00000000f8380000,0x00000000f8ccf8b8,0x00000000f9080000)
  to   space 13824K, 0% used [0x00000000fbe00000,0x00000000fbe00000,0x00000000fcb80000)
 ParOldGen       total 59904K, used 28394K [0x00000000c1a00000, 0x00000000c5480000, 0x00000000eb380000)
  object space 59904K, 47% used [0x00000000c1a00000,0x00000000c35ba990,0x00000000c5480000)
 Metaspace       used 55785K, capacity 59048K, committed 59160K, reserved 1099776K
  class space    used 7837K, capacity 8379K, committed 8472K, reserved 1048576K
Event: 27.134 GC heap after
Heap after GC invocations=16 (full 2):
 PSYoungGen      total 261632K, used 8696K [0x00000000eb380000, 0x00000000fc680000, 0x0000000100000000)
  eden space 252928K, 0% used [0x00000000eb380000,0x00000000eb380000,0x00000000faa80000)
  from space 8704K, 99% used [0x00000000fbe00000,0x00000000fc67e1d8,0x00000000fc680000)
  to   space 13824K, 0% used [0x00000000fab80000,0x00000000fab80000,0x00000000fb900000)
 ParOldGen       total 59904K, used 28402K [0x00000000c1a00000, 0x00000000c5480000, 0x00000000eb380000)
  object space 59904K, 47% used [0x00000000c1a00000,0x00000000c35bc990,0x00000000c5480000)
 Metaspace       used 55785K, capacity 59048K, committed 59160K, reserved 1099776K
  class space    used 7837K, capacity 8379K, committed 8472K, reserved 1048576K
}
Event: 27.134 GC heap before
{Heap before GC invocations=17 (full 3):
 PSYoungGen      total 261632K, used 8696K [0x00000000eb380000, 0x00000000fc680000, 0x0000000100000000)
  eden space 252928K, 0% used [0x00000000eb380000,0x00000000eb380000,0x00000000faa80000)
  from space 8704K, 99% used [0x00000000fbe00000,0x00000000fc67e1d8,0x00000000fc680000)
  to   space 13824K, 0% used [0x00000000fab80000,0x00000000fab80000,0x00000000fb900000)
 ParOldGen       total 59904K, used 28402K [0x00000000c1a00000, 0x00000000c5480000, 0x00000000eb380000)
  object space 59904K, 47% used [0x00000000c1a00000,0x00000000c35bc990,0x00000000c5480000)
 Metaspace       used 55785K, capacity 59048K, committed 59160K, reserved 1099776K
  class space    used 7837K, capacity 8379K, committed 8472K, reserved 1048576K
Event: 27.496 GC heap after
Heap after GC invocations=17 (full 3):
 PSYoungGen      total 261632K, used 0K [0x00000000eb380000, 0x00000000fc680000, 0x0000000100000000)
  eden space 252928K, 0% used [0x00000000eb380000,0x00000000eb380000,0x00000000faa80000)
  from space 8704K, 0% used [0x00000000fbe00000,0x00000000fbe00000,0x00000000fc680000)
  to   space 13824K, 0% used [0x00000000fab80000,0x00000000fab80000,0x00000000fb900000)
 ParOldGen       total 84480K, used 23413K [0x00000000c1a00000, 0x00000000c6c80000, 0x00000000eb380000)
  object space 84480K, 27% used [0x00000000c1a00000,0x00000000c30dd6c8,0x00000000c6c80000)
 Metaspace       used 55785K, capacity 59048K, committed 59160K, reserved 1099776K
  class space    used 7837K, capacity 8379K, committed 8472K, reserved 1048576K
}

