# JRE version: Java(TM) SE Runtime Environment (8.0_221-b11) (build 1.8.0_221-b11)
# Java VM: Java HotSpot(TM) 64-Bit Server VM (25.221-b11 mixed mode windows-amd64 compressed oops)
Heap:
 PSYoungGen      total 76288K, used 66021K [0x00000000f5580000, 0x00000000faa80000, 0x0000000100000000)
  eden space 65536K, 88% used [0x00000000f5580000,0x00000000f8e07868,0x00000000f9580000)
  from space 10752K, 75% used [0x00000000f9580000,0x00000000f9d71cf0,0x00000000fa000000)
  to   space 10752K, 0% used [0x00000000fa000000,0x00000000fa000000,0x00000000faa80000)
 ParOldGen       total 175104K, used 8847K [0x00000000e0000000, 0x00000000eab00000, 0x00000000f5580000)
  object space 175104K, 5% used [0x00000000e0000000,0x00000000e08a3e18,0x00000000eab00000)
 Metaspace       used 32976K, capacity 33832K, committed 34048K, reserved 1079296K
  class space    used 4519K, capacity 4760K, committed 4864K, reserved 1048576K
GC Heap History (10 events):
Event: 4.472 GC heap before
{Heap before GC invocations=2 (full 0):
 PSYoungGen      total 76288K, used 71304K [0x00000000f5580000, 0x00000000faa80000, 0x0000000100000000)
  eden space 65536K, 100% used [0x00000000f5580000,0x00000000f9580000,0x00000000f9580000)
  from space 10752K, 53% used [0x00000000f9580000,0x00000000f9b221d8,0x00000000fa000000)
  to   space 10752K, 0% used [0x00000000fa000000,0x00000000fa000000,0x00000000faa80000)
 ParOldGen       total 175104K, used 16K [0x00000000e0000000, 0x00000000eab00000, 0x00000000f5580000)
  object space 175104K, 0% used [0x00000000e0000000,0x00000000e0004000,0x00000000eab00000)
 Metaspace       used 15136K, capacity 15530K, committed 15744K, reserved 1062912K
  class space    used 2048K, capacity 2161K, committed 2176K, reserved 1048576K
Event: 4.492 GC heap after
Heap after GC invocations=2 (full 0):
 PSYoungGen      total 76288K, used 9371K [0x00000000f5580000, 0x00000000faa80000, 0x0000000100000000)
  eden space 65536K, 0% used [0x00000000f5580000,0x00000000f5580000,0x00000000f9580000)
  from space 10752K, 87% used [0x00000000fa000000,0x00000000fa926f30,0x00000000faa80000)
  to   space 10752K, 0% used [0x00000000f9580000,0x00000000f9580000,0x00000000fa000000)
 ParOldGen       total 175104K, used 24K [0x00000000e0000000, 0x00000000eab00000, 0x00000000f5580000)
  object space 175104K, 0% used [0x00000000e0000000,0x00000000e0006000,0x00000000eab00000)
 Metaspace       used 15136K, capacity 15530K, committed 15744K, reserved 1062912K
  class space    used 2048K, capacity 2161K, committed 2176K, reserved 1048576K
}
Event: 6.680 GC heap before
{Heap before GC invocations=3 (full 0):
 PSYoungGen      total 76288K, used 74907K [0x00000000f5580000, 0x00000000faa80000, 0x0000000100000000)
  eden space 65536K, 100% used [0x00000000f5580000,0x00000000f9580000,0x00000000f9580000)
  from space 10752K, 87% used [0x00000000fa000000,0x00000000fa926f30,0x00000000faa80000)
  to   space 10752K, 0% used [0x00000000f9580000,0x00000000f9580000,0x00000000fa000000)
 ParOldGen       total 175104K, used 24K [0x00000000e0000000, 0x00000000eab00000, 0x00000000f5580000)
  object space 175104K, 0% used [0x00000000e0000000,0x00000000e0006000,0x00000000eab00000)
 Metaspace       used 20472K, capacity 21090K, committed 21296K, reserved 1067008K
  class space    used 2937K, capacity 3121K, committed 3200K, reserved 1048576K
Event: 6.701 GC heap after
Heap after GC invocations=3 (full 0):
 PSYoungGen      total 76288K, used 10744K [0x00000000f5580000, 0x00000000faa80000, 0x0000000100000000)
  eden space 65536K, 0% used [0x00000000f5580000,0x00000000f5580000,0x00000000f9580000)
  from space 10752K, 99% used [0x00000000f9580000,0x00000000f9ffe198,0x00000000fa000000)
  to   space 10752K, 0% used [0x00000000fa000000,0x00000000fa000000,0x00000000faa80000)
 ParOldGen       total 175104K, used 1875K [0x00000000e0000000, 0x00000000eab00000, 0x00000000f5580000)
  object space 175104K, 1% used [0x00000000e0000000,0x00000000e01d4e60,0x00000000eab00000)
 Metaspace       used 20472K, capacity 21090K, committed 21296K, reserved 1067008K
  class space    used 2937K, capacity 3121K, committed 3200K, reserved 1048576K
}
Event: 6.741 GC heap before
{Heap before GC invocations=4 (full 0):
 PSYoungGen      total 76288K, used 15322K [0x00000000f5580000, 0x00000000faa80000, 0x0000000100000000)
  eden space 65536K, 6% used [0x00000000f5580000,0x00000000f59f8948,0x00000000f9580000)
  from space 10752K, 99% used [0x00000000f9580000,0x00000000f9ffe198,0x00000000fa000000)
  to   space 10752K, 0% used [0x00000000fa000000,0x00000000fa000000,0x00000000faa80000)
 ParOldGen       total 175104K, used 1875K [0x00000000e0000000, 0x00000000eab00000, 0x00000000f5580000)
  object space 175104K, 1% used [0x00000000e0000000,0x00000000e01d4e60,0x00000000eab00000)
 Metaspace       used 20571K, capacity 21186K, committed 21296K, reserved 1067008K
  class space    used 2943K, capacity 3153K, committed 3200K, reserved 1048576K
Event: 6.756 GC heap after
Heap after GC invocations=4 (full 0):
 PSYoungGen      total 76288K, used 8962K [0x00000000f5580000, 0x00000000faa80000, 0x0000000100000000)
  eden space 65536K, 0% used [0x00000000f5580000,0x00000000f5580000,0x00000000f9580000)
  from space 10752K, 83% used [0x00000000fa000000,0x00000000fa8c0970,0x00000000faa80000)
  to   space 10752K, 0% used [0x00000000f9580000,0x00000000f9580000,0x00000000fa000000)
 ParOldGen       total 175104K, used 1875K [0x00000000e0000000, 0x00000000eab00000, 0x00000000f5580000)
  object space 175104K, 1% used [0x00000000e0000000,0x00000000e01d4e60,0x00000000eab00000)
 Metaspace       used 20571K, capacity 21186K, committed 21296K, reserved 1067008K
  class space    used 2943K, capacity 3153K, committed 3200K, reserved 1048576K
}
Event: 6.756 GC heap before
{Heap before GC invocations=5 (full 1):
 PSYoungGen      total 76288K, used 8962K [0x00000000f5580000, 0x00000000faa80000, 0x0000000100000000)
  eden space 65536K, 0% used [0x00000000f5580000,0x00000000f5580000,0x00000000f9580000)
  from space 10752K, 83% used [0x00000000fa000000,0x00000000fa8c0970,0x00000000faa80000)
  to   space 10752K, 0% used [0x00000000f9580000,0x00000000f9580000,0x00000000fa000000)
 ParOldGen       total 175104K, used 1875K [0x00000000e0000000, 0x00000000eab00000, 0x00000000f5580000)
  object space 175104K, 1% used [0x00000000e0000000,0x00000000e01d4e60,0x00000000eab00000)
 Metaspace       used 20571K, capacity 21186K, committed 21296K, reserved 1067008K
  class space    used 2943K, capacity 3153K, committed 3200K, reserved 1048576K
Event: 6.828 GC heap after
Heap after GC invocations=5 (full 1):
 PSYoungGen      total 76288K, used 0K [0x00000000f5580000, 0x00000000faa80000, 0x0000000100000000)
  eden space 65536K, 0% used [0x00000000f5580000,0x00000000f5580000,0x00000000f9580000)
  from space 10752K, 0% used [0x00000000fa000000,0x00000000fa000000,0x00000000faa80000)
  to   space 10752K, 0% used [0x00000000f9580000,0x00000000f9580000,0x00000000fa000000)
 ParOldGen       total 175104K, used 8839K [0x00000000e0000000, 0x00000000eab00000, 0x00000000f5580000)
  object space 175104K, 5% used [0x00000000e0000000,0x00000000e08a1e18,0x00000000eab00000)
 Metaspace       used 20571K, capacity 21186K, committed 21296K, reserved 1067008K
  class space    used 2943K, capacity 3153K, committed 3200K, reserved 1048576K
}
Event: 8.674 GC heap before
{Heap before GC invocations=6 (full 1):
 PSYoungGen      total 76288K, used 65536K [0x00000000f5580000, 0x00000000faa80000, 0x0000000100000000)
  eden space 65536K, 100% used [0x00000000f5580000,0x00000000f9580000,0x00000000f9580000)
  from space 10752K, 0% used [0x00000000fa000000,0x00000000fa000000,0x00000000faa80000)
  to   space 10752K, 0% used [0x00000000f9580000,0x00000000f9580000,0x00000000fa000000)
 ParOldGen       total 175104K, used 8839K [0x00000000e0000000, 0x00000000eab00000, 0x00000000f5580000)
  object space 175104K, 5% used [0x00000000e0000000,0x00000000e08a1e18,0x00000000eab00000)
 Metaspace       used 28298K, capacity 29152K, committed 29312K, reserved 1075200K
  class space    used 3971K, capacity 4219K, committed 4224K, reserved 1048576K
Event: 8.683 GC heap after
Heap after GC invocations=6 (full 1):
 PSYoungGen      total 76288K, used 8135K [0x00000000f5580000, 0x00000000faa80000, 0x0000000100000000)
  eden space 65536K, 0% used [0x00000000f5580000,0x00000000f5580000,0x00000000f9580000)
  from space 10752K, 75% used [0x00000000f9580000,0x00000000f9d71cf0,0x00000000fa000000)
  to   space 10752K, 0% used [0x00000000fa000000,0x00000000fa000000,0x00000000faa80000)
 ParOldGen       total 175104K, used 8847K [0x00000000e0000000, 0x00000000eab00000, 0x00000000f5580000)
  object space 175104K, 5% used [0x00000000e0000000,0x00000000e08a3e18,0x00000000eab00000)
 Metaspace       used 28298K, capacity 29152K, committed 29312K, reserved 1075200K
  class space    used 3971K, capacity 4219K, committed 4224K, reserved 1048576K
}

