# JRE version: Java(TM) SE Runtime Environment (8.0_221-b11) (build 1.8.0_221-b11)
# Java VM: Java HotSpot(TM) 64-Bit Server VM (25.221-b11 mixed mode windows-amd64 compressed oops)
Heap:
 PSYoungGen      total 284672K, used 21734K [0x00000000eb380000, 0x00000000fdf80000, 0x0000000100000000)
  eden space 276480K, 7% used [0x00000000eb380000,0x00000000ec8b9bc8,0x00000000fc180000)
  from space 8192K, 0% used [0x00000000fd780000,0x00000000fd780000,0x00000000fdf80000)
  to   space 13824K, 0% used [0x00000000fc480000,0x00000000fc480000,0x00000000fd200000)
 ParOldGen       total 76800K, used 22350K [0x00000000c1a00000, 0x00000000c6500000, 0x00000000eb380000)
  object space 76800K, 29% used [0x00000000c1a00000,0x00000000c2fd3ac8,0x00000000c6500000)
 Metaspace       used 57942K, capacity 61286K, committed 61336K, reserved 1101824K
  class space    used 7998K, capacity 8570K, committed 8600K, reserved 1048576K
GC Heap History (10 events):
Event: 11.753 GC heap before
{Heap before GC invocations=13 (full 2):
 PSYoungGen      total 209920K, used 5992K [0x00000000eb380000, 0x00000000fad80000, 0x0000000100000000)
  eden space 200192K, 0% used [0x00000000eb380000,0x00000000eb380000,0x00000000f7700000)
  from space 9728K, 61% used [0x00000000f7700000,0x00000000f7cda3b0,0x00000000f8080000)
  to   space 9728K, 0% used [0x00000000fa400000,0x00000000fa400000,0x00000000fad80000)
 ParOldGen       total 32768K, used 16113K [0x00000000c1a00000, 0x00000000c3a00000, 0x00000000eb380000)
  object space 32768K, 49% used [0x00000000c1a00000,0x00000000c29bc6c8,0x00000000c3a00000)
 Metaspace       used 33701K, capacity 35386K, committed 35496K, reserved 1079296K
  class space    used 4407K, capacity 4760K, committed 4776K, reserved 1048576K
Event: 11.931 GC heap after
Heap after GC invocations=13 (full 2):
 PSYoungGen      total 209920K, used 0K [0x00000000eb380000, 0x00000000fad80000, 0x0000000100000000)
  eden space 200192K, 0% used [0x00000000eb380000,0x00000000eb380000,0x00000000f7700000)
  from space 9728K, 0% used [0x00000000f7700000,0x00000000f7700000,0x00000000f8080000)
  to   space 9728K, 0% used [0x00000000fa400000,0x00000000fa400000,0x00000000fad80000)
 ParOldGen       total 56832K, used 17563K [0x00000000c1a00000, 0x00000000c5180000, 0x00000000eb380000)
  object space 56832K, 30% used [0x00000000c1a00000,0x00000000c2b26f20,0x00000000c5180000)
 Metaspace       used 33701K, capacity 35386K, committed 35496K, reserved 1079296K
  class space    used 4407K, capacity 4760K, committed 4776K, reserved 1048576K
}
Event: 17.310 GC heap before
{Heap before GC invocations=14 (full 2):
 PSYoungGen      total 209920K, used 200192K [0x00000000eb380000, 0x00000000fad80000, 0x0000000100000000)
  eden space 200192K, 100% used [0x00000000eb380000,0x00000000f7700000,0x00000000f7700000)
  from space 9728K, 0% used [0x00000000f7700000,0x00000000f7700000,0x00000000f8080000)
  to   space 9728K, 0% used [0x00000000fa400000,0x00000000fa400000,0x00000000fad80000)
 ParOldGen       total 56832K, used 17563K [0x00000000c1a00000, 0x00000000c5180000, 0x00000000eb380000)
  object space 56832K, 30% used [0x00000000c1a00000,0x00000000c2b26f20,0x00000000c5180000)
 Metaspace       used 48268K, capacity 50772K, committed 51112K, reserved 1093632K
  class space    used 6772K, capacity 7231K, committed 7336K, reserved 1048576K
Event: 17.346 GC heap after
Heap after GC invocations=14 (full 2):
 PSYoungGen      total 242688K, used 9704K [0x00000000eb380000, 0x00000000fc380000, 0x0000000100000000)
  eden space 232960K, 0% used [0x00000000eb380000,0x00000000eb380000,0x00000000f9700000)
  from space 9728K, 99% used [0x00000000fa400000,0x00000000fad7a210,0x00000000fad80000)
  to   space 13312K, 0% used [0x00000000f9700000,0x00000000f9700000,0x00000000fa400000)
 ParOldGen       total 56832K, used 24477K [0x00000000c1a00000, 0x00000000c5180000, 0x00000000eb380000)
  object space 56832K, 43% used [0x00000000c1a00000,0x00000000c31e7500,0x00000000c5180000)
 Metaspace       used 48268K, capacity 50772K, committed 51112K, reserved 1093632K
  class space    used 6772K, capacity 7231K, committed 7336K, reserved 1048576K
}
Event: 40.964 GC heap before
{Heap before GC invocations=15 (full 2):
 PSYoungGen      total 242688K, used 242664K [0x00000000eb380000, 0x00000000fc380000, 0x0000000100000000)
  eden space 232960K, 100% used [0x00000000eb380000,0x00000000f9700000,0x00000000f9700000)
  from space 9728K, 99% used [0x00000000fa400000,0x00000000fad7a210,0x00000000fad80000)
  to   space 13312K, 0% used [0x00000000f9700000,0x00000000f9700000,0x00000000fa400000)
 ParOldGen       total 56832K, used 24477K [0x00000000c1a00000, 0x00000000c5180000, 0x00000000eb380000)
  object space 56832K, 43% used [0x00000000c1a00000,0x00000000c31e7500,0x00000000c5180000)
 Metaspace       used 54612K, capacity 57884K, committed 58024K, reserved 1099776K
  class space    used 7704K, capacity 8275K, committed 8360K, reserved 1048576K
Event: 41.005 GC heap after
Heap after GC invocations=15 (full 2):
 PSYoungGen      total 246272K, used 11137K [0x00000000eb380000, 0x00000000fe580000, 0x0000000100000000)
  eden space 232960K, 0% used [0x00000000eb380000,0x00000000eb380000,0x00000000f9700000)
  from space 13312K, 83% used [0x00000000f9700000,0x00000000fa1e0590,0x00000000fa400000)
  to   space 14336K, 0% used [0x00000000fd780000,0x00000000fd780000,0x00000000fe580000)
 ParOldGen       total 56832K, used 28597K [0x00000000c1a00000, 0x00000000c5180000, 0x00000000eb380000)
  object space 56832K, 50% used [0x00000000c1a00000,0x00000000c35ed550,0x00000000c5180000)
 Metaspace       used 54612K, capacity 57884K, committed 58024K, reserved 1099776K
  class space    used 7704K, capacity 8275K, committed 8360K, reserved 1048576K
}
Event: 58.693 GC heap before
{Heap before GC invocations=16 (full 2):
 PSYoungGen      total 246272K, used 32105K [0x00000000eb380000, 0x00000000fe580000, 0x0000000100000000)
  eden space 232960K, 9% used [0x00000000eb380000,0x00000000ec7f9f90,0x00000000f9700000)
  from space 13312K, 83% used [0x00000000f9700000,0x00000000fa1e0590,0x00000000fa400000)
  to   space 14336K, 0% used [0x00000000fd780000,0x00000000fd780000,0x00000000fe580000)
 ParOldGen       total 56832K, used 28597K [0x00000000c1a00000, 0x00000000c5180000, 0x00000000eb380000)
  object space 56832K, 50% used [0x00000000c1a00000,0x00000000c35ed550,0x00000000c5180000)
 Metaspace       used 55769K, capacity 59016K, committed 59160K, reserved 1099776K
  class space    used 7837K, capacity 8373K, committed 8472K, reserved 1048576K
Event: 58.713 GC heap after
Heap after GC invocations=16 (full 2):
 PSYoungGen      total 284672K, used 7684K [0x00000000eb380000, 0x00000000fdf80000, 0x0000000100000000)
  eden space 276480K, 0% used [0x00000000eb380000,0x00000000eb380000,0x00000000fc180000)
  from space 8192K, 93% used [0x00000000fd780000,0x00000000fdf013f0,0x00000000fdf80000)
  to   space 13824K, 0% used [0x00000000fc480000,0x00000000fc480000,0x00000000fd200000)
 ParOldGen       total 56832K, used 28605K [0x00000000c1a00000, 0x00000000c5180000, 0x00000000eb380000)
  object space 56832K, 50% used [0x00000000c1a00000,0x00000000c35ef550,0x00000000c5180000)
 Metaspace       used 55769K, capacity 59016K, committed 59160K, reserved 1099776K
  class space    used 7837K, capacity 8373K, committed 8472K, reserved 1048576K
}
Event: 58.713 GC heap before
{Heap before GC invocations=17 (full 3):
 PSYoungGen      total 284672K, used 7684K [0x00000000eb380000, 0x00000000fdf80000, 0x0000000100000000)
  eden space 276480K, 0% used [0x00000000eb380000,0x00000000eb380000,0x00000000fc180000)
  from space 8192K, 93% used [0x00000000fd780000,0x00000000fdf013f0,0x00000000fdf80000)
  to   space 13824K, 0% used [0x00000000fc480000,0x00000000fc480000,0x00000000fd200000)
 ParOldGen       total 56832K, used 28605K [0x00000000c1a00000, 0x00000000c5180000, 0x00000000eb380000)
  object space 56832K, 50% used [0x00000000c1a00000,0x00000000c35ef550,0x00000000c5180000)
 Metaspace       used 55769K, capacity 59016K, committed 59160K, reserved 1099776K
  class space    used 7837K, capacity 8373K, committed 8472K, reserved 1048576K
Event: 59.028 GC heap after
Heap after GC invocations=17 (full 3):
 PSYoungGen      total 284672K, used 0K [0x00000000eb380000, 0x00000000fdf80000, 0x0000000100000000)
  eden space 276480K, 0% used [0x00000000eb380000,0x00000000eb380000,0x00000000fc180000)
  from space 8192K, 0% used [0x00000000fd780000,0x00000000fd780000,0x00000000fdf80000)
  to   space 13824K, 0% used [0x00000000fc480000,0x00000000fc480000,0x00000000fd200000)
 ParOldGen       total 76800K, used 22350K [0x00000000c1a00000, 0x00000000c6500000, 0x00000000eb380000)
  object space 76800K, 29% used [0x00000000c1a00000,0x00000000c2fd3ac8,0x00000000c6500000)
 Metaspace       used 55769K, capacity 59016K, committed 59160K, reserved 1099776K
  class space    used 7837K, capacity 8373K, committed 8472K, reserved 1048576K
}

