# JRE version: Java(TM) SE Runtime Environment (8.0_221-b11) (build 1.8.0_221-b11)
# Java VM: Java HotSpot(TM) 64-Bit Server VM (25.221-b11 mixed mode windows-amd64 compressed oops)
Heap:
 PSYoungGen      total 325632K, used 23218K [0x00000000eb380000, 0x0000000100000000, 0x0000000100000000)
  eden space 310784K, 7% used [0x00000000eb380000,0x00000000eca2ca50,0x00000000fe300000)
  from space 14848K, 0% used [0x00000000ff100000,0x00000000ff100000,0x00000000fff80000)
  to   space 14336K, 0% used [0x00000000fe300000,0x00000000fe300000,0x00000000ff100000)
 ParOldGen       total 62464K, used 21527K [0x00000000c1a00000, 0x00000000c5700000, 0x00000000eb380000)
  object space 62464K, 34% used [0x00000000c1a00000,0x00000000c2f05ff8,0x00000000c5700000)
 Metaspace       used 58040K, capacity 61378K, committed 61592K, reserved 1101824K
  class space    used 8012K, capacity 8576K, committed 8600K, reserved 1048576K
GC Heap History (10 events):
Event: 8.297 GC heap before
{Heap before GC invocations=13 (full 2):
 PSYoungGen      total 209920K, used 6009K [0x00000000eb380000, 0x00000000fbd80000, 0x0000000100000000)
  eden space 200192K, 0% used [0x00000000eb380000,0x00000000eb380000,0x00000000f7700000)
  from space 9728K, 61% used [0x00000000f7700000,0x00000000f7cde788,0x00000000f8080000)
  to   space 9728K, 0% used [0x00000000fb400000,0x00000000fb400000,0x00000000fbd80000)
 ParOldGen       total 31232K, used 16162K [0x00000000c1a00000, 0x00000000c3880000, 0x00000000eb380000)
  object space 31232K, 51% used [0x00000000c1a00000,0x00000000c29c88e0,0x00000000c3880000)
 Metaspace       used 33711K, capacity 35386K, committed 35496K, reserved 1079296K
  class space    used 4415K, capacity 4760K, committed 4776K, reserved 1048576K
Event: 8.423 GC heap after
Heap after GC invocations=13 (full 2):
 PSYoungGen      total 209920K, used 0K [0x00000000eb380000, 0x00000000fbd80000, 0x0000000100000000)
  eden space 200192K, 0% used [0x00000000eb380000,0x00000000eb380000,0x00000000f7700000)
  from space 9728K, 0% used [0x00000000f7700000,0x00000000f7700000,0x00000000f8080000)
  to   space 9728K, 0% used [0x00000000fb400000,0x00000000fb400000,0x00000000fbd80000)
 ParOldGen       total 53760K, used 17273K [0x00000000c1a00000, 0x00000000c4e80000, 0x00000000eb380000)
  object space 53760K, 32% used [0x00000000c1a00000,0x00000000c2ade4d0,0x00000000c4e80000)
 Metaspace       used 33711K, capacity 35386K, committed 35496K, reserved 1079296K
  class space    used 4415K, capacity 4760K, committed 4776K, reserved 1048576K
}
Event: 11.862 GC heap before
{Heap before GC invocations=14 (full 2):
 PSYoungGen      total 209920K, used 200192K [0x00000000eb380000, 0x00000000fbd80000, 0x0000000100000000)
  eden space 200192K, 100% used [0x00000000eb380000,0x00000000f7700000,0x00000000f7700000)
  from space 9728K, 0% used [0x00000000f7700000,0x00000000f7700000,0x00000000f8080000)
  to   space 9728K, 0% used [0x00000000fb400000,0x00000000fb400000,0x00000000fbd80000)
 ParOldGen       total 53760K, used 17273K [0x00000000c1a00000, 0x00000000c4e80000, 0x00000000eb380000)
  object space 53760K, 32% used [0x00000000c1a00000,0x00000000c2ade4d0,0x00000000c4e80000)
 Metaspace       used 48373K, capacity 50864K, committed 51112K, reserved 1093632K
  class space    used 6788K, capacity 7237K, committed 7336K, reserved 1048576K
Event: 11.898 GC heap after
Heap after GC invocations=14 (full 2):
 PSYoungGen      total 259072K, used 9716K [0x00000000eb380000, 0x00000000fc600000, 0x0000000100000000)
  eden space 249344K, 0% used [0x00000000eb380000,0x00000000eb380000,0x00000000fa700000)
  from space 9728K, 99% used [0x00000000fb400000,0x00000000fbd7d230,0x00000000fbd80000)
  to   space 13312K, 0% used [0x00000000fa700000,0x00000000fa700000,0x00000000fb400000)
 ParOldGen       total 53760K, used 24117K [0x00000000c1a00000, 0x00000000c4e80000, 0x00000000eb380000)
  object space 53760K, 44% used [0x00000000c1a00000,0x00000000c318d5e8,0x00000000c4e80000)
 Metaspace       used 48373K, capacity 50864K, committed 51112K, reserved 1093632K
  class space    used 6788K, capacity 7237K, committed 7336K, reserved 1048576K
}
Event: 22.021 GC heap before
{Heap before GC invocations=15 (full 2):
 PSYoungGen      total 259072K, used 259060K [0x00000000eb380000, 0x00000000fc600000, 0x0000000100000000)
  eden space 249344K, 100% used [0x00000000eb380000,0x00000000fa700000,0x00000000fa700000)
  from space 9728K, 99% used [0x00000000fb400000,0x00000000fbd7d230,0x00000000fbd80000)
  to   space 13312K, 0% used [0x00000000fa700000,0x00000000fa700000,0x00000000fb400000)
 ParOldGen       total 53760K, used 24117K [0x00000000c1a00000, 0x00000000c4e80000, 0x00000000eb380000)
  object space 53760K, 44% used [0x00000000c1a00000,0x00000000c318d5e8,0x00000000c4e80000)
 Metaspace       used 55763K, capacity 59044K, committed 59160K, reserved 1099776K
  class space    used 7838K, capacity 8379K, committed 8472K, reserved 1048576K
Event: 22.079 GC heap after
Heap after GC invocations=15 (full 2):
 PSYoungGen      total 262656K, used 12558K [0x00000000eb380000, 0x00000000fff80000, 0x0000000100000000)
  eden space 249344K, 0% used [0x00000000eb380000,0x00000000eb380000,0x00000000fa700000)
  from space 13312K, 94% used [0x00000000fa700000,0x00000000fb3438f8,0x00000000fb400000)
  to   space 14848K, 0% used [0x00000000ff100000,0x00000000ff100000,0x00000000fff80000)
 ParOldGen       total 53760K, used 28265K [0x00000000c1a00000, 0x00000000c4e80000, 0x00000000eb380000)
  object space 53760K, 52% used [0x00000000c1a00000,0x00000000c359a648,0x00000000c4e80000)
 Metaspace       used 55763K, capacity 59044K, committed 59160K, reserved 1099776K
  class space    used 7838K, capacity 8379K, committed 8472K, reserved 1048576K
}
Event: 22.084 GC heap before
{Heap before GC invocations=16 (full 2):
 PSYoungGen      total 262656K, used 13499K [0x00000000eb380000, 0x00000000fff80000, 0x0000000100000000)
  eden space 249344K, 0% used [0x00000000eb380000,0x00000000eb46b4a0,0x00000000fa700000)
  from space 13312K, 94% used [0x00000000fa700000,0x00000000fb3438f8,0x00000000fb400000)
  to   space 14848K, 0% used [0x00000000ff100000,0x00000000ff100000,0x00000000fff80000)
 ParOldGen       total 53760K, used 28265K [0x00000000c1a00000, 0x00000000c4e80000, 0x00000000eb380000)
  object space 53760K, 52% used [0x00000000c1a00000,0x00000000c359a648,0x00000000c4e80000)
 Metaspace       used 55784K, capacity 59044K, committed 59160K, reserved 1099776K
  class space    used 7840K, capacity 8379K, committed 8472K, reserved 1048576K
Event: 22.100 GC heap after
Heap after GC invocations=16 (full 2):
 PSYoungGen      total 325632K, used 6848K [0x00000000eb380000, 0x0000000100000000, 0x0000000100000000)
  eden space 310784K, 0% used [0x00000000eb380000,0x00000000eb380000,0x00000000fe300000)
  from space 14848K, 46% used [0x00000000ff100000,0x00000000ff7b0080,0x00000000fff80000)
  to   space 14336K, 0% used [0x00000000fe300000,0x00000000fe300000,0x00000000ff100000)
 ParOldGen       total 53760K, used 28265K [0x00000000c1a00000, 0x00000000c4e80000, 0x00000000eb380000)
  object space 53760K, 52% used [0x00000000c1a00000,0x00000000c359a648,0x00000000c4e80000)
 Metaspace       used 55784K, capacity 59044K, committed 59160K, reserved 1099776K
  class space    used 7840K, capacity 8379K, committed 8472K, reserved 1048576K
}
Event: 22.100 GC heap before
{Heap before GC invocations=17 (full 3):
 PSYoungGen      total 325632K, used 6848K [0x00000000eb380000, 0x0000000100000000, 0x0000000100000000)
  eden space 310784K, 0% used [0x00000000eb380000,0x00000000eb380000,0x00000000fe300000)
  from space 14848K, 46% used [0x00000000ff100000,0x00000000ff7b0080,0x00000000fff80000)
  to   space 14336K, 0% used [0x00000000fe300000,0x00000000fe300000,0x00000000ff100000)
 ParOldGen       total 53760K, used 28265K [0x00000000c1a00000, 0x00000000c4e80000, 0x00000000eb380000)
  object space 53760K, 52% used [0x00000000c1a00000,0x00000000c359a648,0x00000000c4e80000)
 Metaspace       used 55784K, capacity 59044K, committed 59160K, reserved 1099776K
  class space    used 7840K, capacity 8379K, committed 8472K, reserved 1048576K
Event: 22.350 GC heap after
Heap after GC invocations=17 (full 3):
 PSYoungGen      total 325632K, used 0K [0x00000000eb380000, 0x0000000100000000, 0x0000000100000000)
  eden space 310784K, 0% used [0x00000000eb380000,0x00000000eb380000,0x00000000fe300000)
  from space 14848K, 0% used [0x00000000ff100000,0x00000000ff100000,0x00000000fff80000)
  to   space 14336K, 0% used [0x00000000fe300000,0x00000000fe300000,0x00000000ff100000)
 ParOldGen       total 62464K, used 21527K [0x00000000c1a00000, 0x00000000c5700000, 0x00000000eb380000)
  object space 62464K, 34% used [0x00000000c1a00000,0x00000000c2f05ff8,0x00000000c5700000)
 Metaspace       used 55784K, capacity 59044K, committed 59160K, reserved 1099776K
  class space    used 7840K, capacity 8379K, committed 8472K, reserved 1048576K
}

