# JRE version: Java(TM) SE Runtime Environment (8.0_221-b11) (build 1.8.0_221-b11)
# Java VM: Java HotSpot(TM) 64-Bit Server VM (25.221-b11 mixed mode windows-amd64 compressed oops)
Heap:
 PSYoungGen      total 76288K, used 63171K [0x00000000f5580000, 0x00000000faa80000, 0x0000000100000000)
  eden space 65536K, 83% used [0x00000000f5580000,0x00000000f8b34db0,0x00000000f9580000)
  from space 10752K, 76% used [0x00000000f9580000,0x00000000f9d7c0e0,0x00000000fa000000)
  to   space 10752K, 0% used [0x00000000fa000000,0x00000000fa000000,0x00000000faa80000)
 ParOldGen       total 175104K, used 8854K [0x00000000e0000000, 0x00000000eab00000, 0x00000000f5580000)
  object space 175104K, 5% used [0x00000000e0000000,0x00000000e08a59b8,0x00000000eab00000)
 Metaspace       used 32892K, capacity 33768K, committed 34048K, reserved 1079296K
  class space    used 4514K, capacity 4760K, committed 4864K, reserved 1048576K
GC Heap History (10 events):
Event: 6.067 GC heap before
{Heap before GC invocations=2 (full 0):
 PSYoungGen      total 76288K, used 71323K [0x00000000f5580000, 0x00000000faa80000, 0x0000000100000000)
  eden space 65536K, 100% used [0x00000000f5580000,0x00000000f9580000,0x00000000f9580000)
  from space 10752K, 53% used [0x00000000f9580000,0x00000000f9b26f30,0x00000000fa000000)
  to   space 10752K, 0% used [0x00000000fa000000,0x00000000fa000000,0x00000000faa80000)
 ParOldGen       total 175104K, used 16K [0x00000000e0000000, 0x00000000eab00000, 0x00000000f5580000)
  object space 175104K, 0% used [0x00000000e0000000,0x00000000e0004000,0x00000000eab00000)
 Metaspace       used 15123K, capacity 15530K, committed 15744K, reserved 1062912K
  class space    used 2042K, capacity 2161K, committed 2176K, reserved 1048576K
Event: 6.088 GC heap after
Heap after GC invocations=2 (full 0):
 PSYoungGen      total 76288K, used 9323K [0x00000000f5580000, 0x00000000faa80000, 0x0000000100000000)
  eden space 65536K, 0% used [0x00000000f5580000,0x00000000f5580000,0x00000000f9580000)
  from space 10752K, 86% used [0x00000000fa000000,0x00000000fa91af40,0x00000000faa80000)
  to   space 10752K, 0% used [0x00000000f9580000,0x00000000f9580000,0x00000000fa000000)
 ParOldGen       total 175104K, used 24K [0x00000000e0000000, 0x00000000eab00000, 0x00000000f5580000)
  object space 175104K, 0% used [0x00000000e0000000,0x00000000e0006000,0x00000000eab00000)
 Metaspace       used 15123K, capacity 15530K, committed 15744K, reserved 1062912K
  class space    used 2042K, capacity 2161K, committed 2176K, reserved 1048576K
}
Event: 8.038 GC heap before
{Heap before GC invocations=3 (full 0):
 PSYoungGen      total 76288K, used 74859K [0x00000000f5580000, 0x00000000faa80000, 0x0000000100000000)
  eden space 65536K, 100% used [0x00000000f5580000,0x00000000f9580000,0x00000000f9580000)
  from space 10752K, 86% used [0x00000000fa000000,0x00000000fa91af40,0x00000000faa80000)
  to   space 10752K, 0% used [0x00000000f9580000,0x00000000f9580000,0x00000000fa000000)
 ParOldGen       total 175104K, used 24K [0x00000000e0000000, 0x00000000eab00000, 0x00000000f5580000)
  object space 175104K, 0% used [0x00000000e0000000,0x00000000e0006000,0x00000000eab00000)
 Metaspace       used 20437K, capacity 21090K, committed 21296K, reserved 1067008K
  class space    used 2933K, capacity 3121K, committed 3200K, reserved 1048576K
Event: 8.064 GC heap after
Heap after GC invocations=3 (full 0):
 PSYoungGen      total 76288K, used 10735K [0x00000000f5580000, 0x00000000faa80000, 0x0000000100000000)
  eden space 65536K, 0% used [0x00000000f5580000,0x00000000f5580000,0x00000000f9580000)
  from space 10752K, 99% used [0x00000000f9580000,0x00000000f9ffbd28,0x00000000fa000000)
  to   space 10752K, 0% used [0x00000000fa000000,0x00000000fa000000,0x00000000faa80000)
 ParOldGen       total 175104K, used 1907K [0x00000000e0000000, 0x00000000eab00000, 0x00000000f5580000)
  object space 175104K, 1% used [0x00000000e0000000,0x00000000e01dcea0,0x00000000eab00000)
 Metaspace       used 20437K, capacity 21090K, committed 21296K, reserved 1067008K
  class space    used 2933K, capacity 3121K, committed 3200K, reserved 1048576K
}
Event: 8.102 GC heap before
{Heap before GC invocations=4 (full 0):
 PSYoungGen      total 76288K, used 14978K [0x00000000f5580000, 0x00000000faa80000, 0x0000000100000000)
  eden space 65536K, 6% used [0x00000000f5580000,0x00000000f59a4b70,0x00000000f9580000)
  from space 10752K, 99% used [0x00000000f9580000,0x00000000f9ffbd28,0x00000000fa000000)
  to   space 10752K, 0% used [0x00000000fa000000,0x00000000fa000000,0x00000000faa80000)
 ParOldGen       total 175104K, used 1907K [0x00000000e0000000, 0x00000000eab00000, 0x00000000f5580000)
  object space 175104K, 1% used [0x00000000e0000000,0x00000000e01dcea0,0x00000000eab00000)
 Metaspace       used 20558K, capacity 21186K, committed 21296K, reserved 1067008K
  class space    used 2943K, capacity 3153K, committed 3200K, reserved 1048576K
Event: 8.125 GC heap after
Heap after GC invocations=4 (full 0):
 PSYoungGen      total 76288K, used 8942K [0x00000000f5580000, 0x00000000faa80000, 0x0000000100000000)
  eden space 65536K, 0% used [0x00000000f5580000,0x00000000f5580000,0x00000000f9580000)
  from space 10752K, 83% used [0x00000000fa000000,0x00000000fa8bb960,0x00000000faa80000)
  to   space 10752K, 0% used [0x00000000f9580000,0x00000000f9580000,0x00000000fa000000)
 ParOldGen       total 175104K, used 1915K [0x00000000e0000000, 0x00000000eab00000, 0x00000000f5580000)
  object space 175104K, 1% used [0x00000000e0000000,0x00000000e01deea0,0x00000000eab00000)
 Metaspace       used 20558K, capacity 21186K, committed 21296K, reserved 1067008K
  class space    used 2943K, capacity 3153K, committed 3200K, reserved 1048576K
}
Event: 8.125 GC heap before
{Heap before GC invocations=5 (full 1):
 PSYoungGen      total 76288K, used 8942K [0x00000000f5580000, 0x00000000faa80000, 0x0000000100000000)
  eden space 65536K, 0% used [0x00000000f5580000,0x00000000f5580000,0x00000000f9580000)
  from space 10752K, 83% used [0x00000000fa000000,0x00000000fa8bb960,0x00000000faa80000)
  to   space 10752K, 0% used [0x00000000f9580000,0x00000000f9580000,0x00000000fa000000)
 ParOldGen       total 175104K, used 1915K [0x00000000e0000000, 0x00000000eab00000, 0x00000000f5580000)
  object space 175104K, 1% used [0x00000000e0000000,0x00000000e01deea0,0x00000000eab00000)
 Metaspace       used 20558K, capacity 21186K, committed 21296K, reserved 1067008K
  class space    used 2943K, capacity 3153K, committed 3200K, reserved 1048576K
Event: 8.202 GC heap after
Heap after GC invocations=5 (full 1):
 PSYoungGen      total 76288K, used 0K [0x00000000f5580000, 0x00000000faa80000, 0x0000000100000000)
  eden space 65536K, 0% used [0x00000000f5580000,0x00000000f5580000,0x00000000f9580000)
  from space 10752K, 0% used [0x00000000fa000000,0x00000000fa000000,0x00000000faa80000)
  to   space 10752K, 0% used [0x00000000f9580000,0x00000000f9580000,0x00000000fa000000)
 ParOldGen       total 175104K, used 8846K [0x00000000e0000000, 0x00000000eab00000, 0x00000000f5580000)
  object space 175104K, 5% used [0x00000000e0000000,0x00000000e08a39b8,0x00000000eab00000)
 Metaspace       used 20558K, capacity 21186K, committed 21296K, reserved 1067008K
  class space    used 2943K, capacity 3153K, committed 3200K, reserved 1048576K
}
Event: 10.374 GC heap before
{Heap before GC invocations=6 (full 1):
 PSYoungGen      total 76288K, used 65536K [0x00000000f5580000, 0x00000000faa80000, 0x0000000100000000)
  eden space 65536K, 100% used [0x00000000f5580000,0x00000000f9580000,0x00000000f9580000)
  from space 10752K, 0% used [0x00000000fa000000,0x00000000fa000000,0x00000000faa80000)
  to   space 10752K, 0% used [0x00000000f9580000,0x00000000f9580000,0x00000000fa000000)
 ParOldGen       total 175104K, used 8846K [0x00000000e0000000, 0x00000000eab00000, 0x00000000f5580000)
  object space 175104K, 5% used [0x00000000e0000000,0x00000000e08a39b8,0x00000000eab00000)
 Metaspace       used 28334K, capacity 29216K, committed 29312K, reserved 1075200K
  class space    used 3981K, capacity 4219K, committed 4224K, reserved 1048576K
Event: 10.395 GC heap after
Heap after GC invocations=6 (full 1):
 PSYoungGen      total 76288K, used 8176K [0x00000000f5580000, 0x00000000faa80000, 0x0000000100000000)
  eden space 65536K, 0% used [0x00000000f5580000,0x00000000f5580000,0x00000000f9580000)
  from space 10752K, 76% used [0x00000000f9580000,0x00000000f9d7c0e0,0x00000000fa000000)
  to   space 10752K, 0% used [0x00000000fa000000,0x00000000fa000000,0x00000000faa80000)
 ParOldGen       total 175104K, used 8854K [0x00000000e0000000, 0x00000000eab00000, 0x00000000f5580000)
  object space 175104K, 5% used [0x00000000e0000000,0x00000000e08a59b8,0x00000000eab00000)
 Metaspace       used 28334K, capacity 29216K, committed 29312K, reserved 1075200K
  class space    used 3981K, capacity 4219K, committed 4224K, reserved 1048576K
}

