# JRE version: Java(TM) SE Runtime Environment (8.0_221-b11) (build 1.8.0_221-b11)
# Java VM: Java HotSpot(TM) 64-Bit Server VM (25.221-b11 mixed mode windows-amd64 compressed oops)
Heap:
 PSYoungGen      total 292352K, used 25220K [0x00000000eb380000, 0x00000000fe400000, 0x0000000100000000)
  eden space 283136K, 8% used [0x00000000eb380000,0x00000000ecc21220,0x00000000fc800000)
  from space 9216K, 0% used [0x00000000fdb00000,0x00000000fdb00000,0x00000000fe400000)
  to   space 14336K, 0% used [0x00000000fc800000,0x00000000fc800000,0x00000000fd600000)
 ParOldGen       total 77824K, used 22992K [0x00000000c1a00000, 0x00000000c6600000, 0x00000000eb380000)
  object space 77824K, 29% used [0x00000000c1a00000,0x00000000c30743a8,0x00000000c6600000)
 Metaspace       used 57941K, capacity 61286K, committed 61336K, reserved 1101824K
  class space    used 7998K, capacity 8570K, committed 8600K, reserved 1048576K
GC Heap History (10 events):
Event: 12.040 GC heap before
{Heap before GC invocations=13 (full 2):
 PSYoungGen      total 209920K, used 6054K [0x00000000eb380000, 0x00000000fa280000, 0x0000000100000000)
  eden space 200192K, 0% used [0x00000000eb380000,0x00000000eb380000,0x00000000f7700000)
  from space 9728K, 62% used [0x00000000f7700000,0x00000000f7ce9940,0x00000000f8080000)
  to   space 9728K, 0% used [0x00000000f9900000,0x00000000f9900000,0x00000000fa280000)
 ParOldGen       total 33280K, used 16158K [0x00000000c1a00000, 0x00000000c3a80000, 0x00000000eb380000)
  object space 33280K, 48% used [0x00000000c1a00000,0x00000000c29c7948,0x00000000c3a80000)
 Metaspace       used 33691K, capacity 35386K, committed 35496K, reserved 1079296K
  class space    used 4401K, capacity 4760K, committed 4776K, reserved 1048576K
Event: 12.144 GC heap after
Heap after GC invocations=13 (full 2):
 PSYoungGen      total 209920K, used 0K [0x00000000eb380000, 0x00000000fa280000, 0x0000000100000000)
  eden space 200192K, 0% used [0x00000000eb380000,0x00000000eb380000,0x00000000f7700000)
  from space 9728K, 0% used [0x00000000f7700000,0x00000000f7700000,0x00000000f8080000)
  to   space 9728K, 0% used [0x00000000f9900000,0x00000000f9900000,0x00000000fa280000)
 ParOldGen       total 56320K, used 17562K [0x00000000c1a00000, 0x00000000c5100000, 0x00000000eb380000)
  object space 56320K, 31% used [0x00000000c1a00000,0x00000000c2b26a88,0x00000000c5100000)
 Metaspace       used 33691K, capacity 35386K, committed 35496K, reserved 1079296K
  class space    used 4401K, capacity 4760K, committed 4776K, reserved 1048576K
}
Event: 17.438 GC heap before
{Heap before GC invocations=14 (full 2):
 PSYoungGen      total 209920K, used 200192K [0x00000000eb380000, 0x00000000fa280000, 0x0000000100000000)
  eden space 200192K, 100% used [0x00000000eb380000,0x00000000f7700000,0x00000000f7700000)
  from space 9728K, 0% used [0x00000000f7700000,0x00000000f7700000,0x00000000f8080000)
  to   space 9728K, 0% used [0x00000000f9900000,0x00000000f9900000,0x00000000fa280000)
 ParOldGen       total 56320K, used 17562K [0x00000000c1a00000, 0x00000000c5100000, 0x00000000eb380000)
  object space 56320K, 31% used [0x00000000c1a00000,0x00000000c2b26a88,0x00000000c5100000)
 Metaspace       used 48279K, capacity 50772K, committed 51112K, reserved 1093632K
  class space    used 6773K, capacity 7231K, committed 7336K, reserved 1048576K
Event: 17.535 GC heap after
Heap after GC invocations=14 (full 2):
 PSYoungGen      total 231424K, used 9705K [0x00000000eb380000, 0x00000000fcf80000, 0x0000000100000000)
  eden space 221696K, 0% used [0x00000000eb380000,0x00000000eb380000,0x00000000f8c00000)
  from space 9728K, 99% used [0x00000000f9900000,0x00000000fa27a710,0x00000000fa280000)
  to   space 13312K, 0% used [0x00000000f8c00000,0x00000000f8c00000,0x00000000f9900000)
 ParOldGen       total 56320K, used 24277K [0x00000000c1a00000, 0x00000000c5100000, 0x00000000eb380000)
  object space 56320K, 43% used [0x00000000c1a00000,0x00000000c31b54d0,0x00000000c5100000)
 Metaspace       used 48279K, capacity 50772K, committed 51112K, reserved 1093632K
  class space    used 6773K, capacity 7231K, committed 7336K, reserved 1048576K
}
Event: 21.610 GC heap before
{Heap before GC invocations=15 (full 2):
 PSYoungGen      total 231424K, used 231401K [0x00000000eb380000, 0x00000000fcf80000, 0x0000000100000000)
  eden space 221696K, 100% used [0x00000000eb380000,0x00000000f8c00000,0x00000000f8c00000)
  from space 9728K, 99% used [0x00000000f9900000,0x00000000fa27a710,0x00000000fa280000)
  to   space 13312K, 0% used [0x00000000f8c00000,0x00000000f8c00000,0x00000000f9900000)
 ParOldGen       total 56320K, used 24277K [0x00000000c1a00000, 0x00000000c5100000, 0x00000000eb380000)
  object space 56320K, 43% used [0x00000000c1a00000,0x00000000c31b54d0,0x00000000c5100000)
 Metaspace       used 53730K, capacity 56954K, committed 57128K, reserved 1097728K
  class space    used 7607K, capacity 8166K, committed 8232K, reserved 1048576K
Event: 21.650 GC heap after
Heap after GC invocations=15 (full 2):
 PSYoungGen      total 235008K, used 10571K [0x00000000eb380000, 0x00000000fe900000, 0x0000000100000000)
  eden space 221696K, 0% used [0x00000000eb380000,0x00000000eb380000,0x00000000f8c00000)
  from space 13312K, 79% used [0x00000000f8c00000,0x00000000f9652eb8,0x00000000f9900000)
  to   space 14336K, 0% used [0x00000000fdb00000,0x00000000fdb00000,0x00000000fe900000)
 ParOldGen       total 56320K, used 28401K [0x00000000c1a00000, 0x00000000c5100000, 0x00000000eb380000)
  object space 56320K, 50% used [0x00000000c1a00000,0x00000000c35bc530,0x00000000c5100000)
 Metaspace       used 53730K, capacity 56954K, committed 57128K, reserved 1097728K
  class space    used 7607K, capacity 8166K, committed 8232K, reserved 1048576K
}
Event: 31.112 GC heap before
{Heap before GC invocations=16 (full 2):
 PSYoungGen      total 235008K, used 40695K [0x00000000eb380000, 0x00000000fe900000, 0x0000000100000000)
  eden space 221696K, 13% used [0x00000000eb380000,0x00000000ed0eaf58,0x00000000f8c00000)
  from space 13312K, 79% used [0x00000000f8c00000,0x00000000f9652eb8,0x00000000f9900000)
  to   space 14336K, 0% used [0x00000000fdb00000,0x00000000fdb00000,0x00000000fe900000)
 ParOldGen       total 56320K, used 28401K [0x00000000c1a00000, 0x00000000c5100000, 0x00000000eb380000)
  object space 56320K, 50% used [0x00000000c1a00000,0x00000000c35bc530,0x00000000c5100000)
 Metaspace       used 55767K, capacity 59016K, committed 59160K, reserved 1099776K
  class space    used 7835K, capacity 8373K, committed 8472K, reserved 1048576K
Event: 31.182 GC heap after
Heap after GC invocations=16 (full 2):
 PSYoungGen      total 292352K, used 2303K [0x00000000eb380000, 0x00000000fe400000, 0x0000000100000000)
  eden space 283136K, 0% used [0x00000000eb380000,0x00000000eb380000,0x00000000fc800000)
  from space 9216K, 24% used [0x00000000fdb00000,0x00000000fdd3fcb0,0x00000000fe400000)
  to   space 14336K, 0% used [0x00000000fc800000,0x00000000fc800000,0x00000000fd600000)
 ParOldGen       total 56320K, used 34555K [0x00000000c1a00000, 0x00000000c5100000, 0x00000000eb380000)
  object space 56320K, 61% used [0x00000000c1a00000,0x00000000c3bbeec8,0x00000000c5100000)
 Metaspace       used 55767K, capacity 59016K, committed 59160K, reserved 1099776K
  class space    used 7835K, capacity 8373K, committed 8472K, reserved 1048576K
}
Event: 31.182 GC heap before
{Heap before GC invocations=17 (full 3):
 PSYoungGen      total 292352K, used 2303K [0x00000000eb380000, 0x00000000fe400000, 0x0000000100000000)
  eden space 283136K, 0% used [0x00000000eb380000,0x00000000eb380000,0x00000000fc800000)
  from space 9216K, 24% used [0x00000000fdb00000,0x00000000fdd3fcb0,0x00000000fe400000)
  to   space 14336K, 0% used [0x00000000fc800000,0x00000000fc800000,0x00000000fd600000)
 ParOldGen       total 56320K, used 34555K [0x00000000c1a00000, 0x00000000c5100000, 0x00000000eb380000)
  object space 56320K, 61% used [0x00000000c1a00000,0x00000000c3bbeec8,0x00000000c5100000)
 Metaspace       used 55767K, capacity 59016K, committed 59160K, reserved 1099776K
  class space    used 7835K, capacity 8373K, committed 8472K, reserved 1048576K
Event: 31.860 GC heap after
Heap after GC invocations=17 (full 3):
 PSYoungGen      total 292352K, used 0K [0x00000000eb380000, 0x00000000fe400000, 0x0000000100000000)
  eden space 283136K, 0% used [0x00000000eb380000,0x00000000eb380000,0x00000000fc800000)
  from space 9216K, 0% used [0x00000000fdb00000,0x00000000fdb00000,0x00000000fe400000)
  to   space 14336K, 0% used [0x00000000fc800000,0x00000000fc800000,0x00000000fd600000)
 ParOldGen       total 77824K, used 22992K [0x00000000c1a00000, 0x00000000c6600000, 0x00000000eb380000)
  object space 77824K, 29% used [0x00000000c1a00000,0x00000000c30743a8,0x00000000c6600000)
 Metaspace       used 55767K, capacity 59016K, committed 59160K, reserved 1099776K
  class space    used 7835K, capacity 8373K, committed 8472K, reserved 1048576K
}

