# JRE version: Java(TM) SE Runtime Environment (8.0_221-b11) (build 1.8.0_221-b11)
# Java VM: Java HotSpot(TM) 64-Bit Server VM (25.221-b11 mixed mode windows-amd64 compressed oops)
Heap:
 PSYoungGen      total 76288K, used 12712K [0x00000000f5580000, 0x00000000faa80000, 0x0000000100000000)
  eden space 65536K, 3% used [0x00000000f5580000,0x00000000f57deb10,0x00000000f9580000)
  from space 10752K, 95% used [0x00000000fa000000,0x00000000faa0b708,0x00000000faa80000)
  to   space 10752K, 0% used [0x00000000f9580000,0x00000000f9580000,0x00000000fa000000)
 ParOldGen       total 175104K, used 8864K [0x00000000e0000000, 0x00000000eab00000, 0x00000000f5580000)
  object space 175104K, 5% used [0x00000000e0000000,0x00000000e08a83c8,0x00000000eab00000)
 Metaspace       used 33436K, capacity 34354K, committed 34560K, reserved 1079296K
  class space    used 4615K, capacity 4863K, committed 4864K, reserved 1048576K
GC Heap History (10 events):
Event: 7.874 GC heap before
{Heap before GC invocations=3 (full 0):
 PSYoungGen      total 76288K, used 74923K [0x00000000f5580000, 0x00000000faa80000, 0x0000000100000000)
  eden space 65536K, 100% used [0x00000000f5580000,0x00000000f9580000,0x00000000f9580000)
  from space 10752K, 87% used [0x00000000fa000000,0x00000000fa92af40,0x00000000faa80000)
  to   space 10752K, 0% used [0x00000000f9580000,0x00000000f9580000,0x00000000fa000000)
 ParOldGen       total 175104K, used 27K [0x00000000e0000000, 0x00000000eab00000, 0x00000000f5580000)
  object space 175104K, 0% used [0x00000000e0000000,0x00000000e0006d88,0x00000000eab00000)
 Metaspace       used 20420K, capacity 21090K, committed 21296K, reserved 1067008K
  class space    used 2933K, capacity 3121K, committed 3200K, reserved 1048576K
Event: 7.903 GC heap after
Heap after GC invocations=3 (full 0):
 PSYoungGen      total 76288K, used 10722K [0x00000000f5580000, 0x00000000faa80000, 0x0000000100000000)
  eden space 65536K, 0% used [0x00000000f5580000,0x00000000f5580000,0x00000000f9580000)
  from space 10752K, 99% used [0x00000000f9580000,0x00000000f9ff89b8,0x00000000fa000000)
  to   space 10752K, 0% used [0x00000000fa000000,0x00000000fa000000,0x00000000faa80000)
 ParOldGen       total 175104K, used 1995K [0x00000000e0000000, 0x00000000eab00000, 0x00000000f5580000)
  object space 175104K, 1% used [0x00000000e0000000,0x00000000e01f2f58,0x00000000eab00000)
 Metaspace       used 20420K, capacity 21090K, committed 21296K, reserved 1067008K
  class space    used 2933K, capacity 3121K, committed 3200K, reserved 1048576K
}
Event: 7.945 GC heap before
{Heap before GC invocations=4 (full 0):
 PSYoungGen      total 76288K, used 14812K [0x00000000f5580000, 0x00000000faa80000, 0x0000000100000000)
  eden space 65536K, 6% used [0x00000000f5580000,0x00000000f597e7e0,0x00000000f9580000)
  from space 10752K, 99% used [0x00000000f9580000,0x00000000f9ff89b8,0x00000000fa000000)
  to   space 10752K, 0% used [0x00000000fa000000,0x00000000fa000000,0x00000000faa80000)
 ParOldGen       total 175104K, used 1995K [0x00000000e0000000, 0x00000000eab00000, 0x00000000f5580000)
  object space 175104K, 1% used [0x00000000e0000000,0x00000000e01f2f58,0x00000000eab00000)
 Metaspace       used 20559K, capacity 21186K, committed 21296K, reserved 1067008K
  class space    used 2945K, capacity 3153K, committed 3200K, reserved 1048576K
Event: 7.959 GC heap after
Heap after GC invocations=4 (full 0):
 PSYoungGen      total 76288K, used 9010K [0x00000000f5580000, 0x00000000faa80000, 0x0000000100000000)
  eden space 65536K, 0% used [0x00000000f5580000,0x00000000f5580000,0x00000000f9580000)
  from space 10752K, 83% used [0x00000000fa000000,0x00000000fa8cc960,0x00000000faa80000)
  to   space 10752K, 0% used [0x00000000f9580000,0x00000000f9580000,0x00000000fa000000)
 ParOldGen       total 175104K, used 1995K [0x00000000e0000000, 0x00000000eab00000, 0x00000000f5580000)
  object space 175104K, 1% used [0x00000000e0000000,0x00000000e01f2f58,0x00000000eab00000)
 Metaspace       used 20559K, capacity 21186K, committed 21296K, reserved 1067008K
  class space    used 2945K, capacity 3153K, committed 3200K, reserved 1048576K
}
Event: 7.959 GC heap before
{Heap before GC invocations=5 (full 1):
 PSYoungGen      total 76288K, used 9010K [0x00000000f5580000, 0x00000000faa80000, 0x0000000100000000)
  eden space 65536K, 0% used [0x00000000f5580000,0x00000000f5580000,0x00000000f9580000)
  from space 10752K, 83% used [0x00000000fa000000,0x00000000fa8cc960,0x00000000faa80000)
  to   space 10752K, 0% used [0x00000000f9580000,0x00000000f9580000,0x00000000fa000000)
 ParOldGen       total 175104K, used 1995K [0x00000000e0000000, 0x00000000eab00000, 0x00000000f5580000)
  object space 175104K, 1% used [0x00000000e0000000,0x00000000e01f2f58,0x00000000eab00000)
 Metaspace       used 20559K, capacity 21186K, committed 21296K, reserved 1067008K
  class space    used 2945K, capacity 3153K, committed 3200K, reserved 1048576K
Event: 8.026 GC heap after
Heap after GC invocations=5 (full 1):
 PSYoungGen      total 76288K, used 0K [0x00000000f5580000, 0x00000000faa80000, 0x0000000100000000)
  eden space 65536K, 0% used [0x00000000f5580000,0x00000000f5580000,0x00000000f9580000)
  from space 10752K, 0% used [0x00000000fa000000,0x00000000fa000000,0x00000000faa80000)
  to   space 10752K, 0% used [0x00000000f9580000,0x00000000f9580000,0x00000000fa000000)
 ParOldGen       total 175104K, used 8848K [0x00000000e0000000, 0x00000000eab00000, 0x00000000f5580000)
  object space 175104K, 5% used [0x00000000e0000000,0x00000000e08a43c8,0x00000000eab00000)
 Metaspace       used 20559K, capacity 21186K, committed 21296K, reserved 1067008K
  class space    used 2945K, capacity 3153K, committed 3200K, reserved 1048576K
}
Event: 9.328 GC heap before
{Heap before GC invocations=6 (full 1):
 PSYoungGen      total 76288K, used 65536K [0x00000000f5580000, 0x00000000faa80000, 0x0000000100000000)
  eden space 65536K, 100% used [0x00000000f5580000,0x00000000f9580000,0x00000000f9580000)
  from space 10752K, 0% used [0x00000000fa000000,0x00000000fa000000,0x00000000faa80000)
  to   space 10752K, 0% used [0x00000000f9580000,0x00000000f9580000,0x00000000fa000000)
 ParOldGen       total 175104K, used 8848K [0x00000000e0000000, 0x00000000eab00000, 0x00000000f5580000)
  object space 175104K, 5% used [0x00000000e0000000,0x00000000e08a43c8,0x00000000eab00000)
 Metaspace       used 27213K, capacity 28032K, committed 28160K, reserved 1073152K
  class space    used 3825K, capacity 4059K, committed 4096K, reserved 1048576K
Event: 9.339 GC heap after
Heap after GC invocations=6 (full 1):
 PSYoungGen      total 76288K, used 7896K [0x00000000f5580000, 0x00000000faa80000, 0x0000000100000000)
  eden space 65536K, 0% used [0x00000000f5580000,0x00000000f5580000,0x00000000f9580000)
  from space 10752K, 73% used [0x00000000f9580000,0x00000000f9d36120,0x00000000fa000000)
  to   space 10752K, 0% used [0x00000000fa000000,0x00000000fa000000,0x00000000faa80000)
 ParOldGen       total 175104K, used 8856K [0x00000000e0000000, 0x00000000eab00000, 0x00000000f5580000)
  object space 175104K, 5% used [0x00000000e0000000,0x00000000e08a63c8,0x00000000eab00000)
 Metaspace       used 27213K, capacity 28032K, committed 28160K, reserved 1073152K
  class space    used 3825K, capacity 4059K, committed 4096K, reserved 1048576K
}
Event: 12.254 GC heap before
{Heap before GC invocations=7 (full 1):
 PSYoungGen      total 76288K, used 73432K [0x00000000f5580000, 0x00000000faa80000, 0x0000000100000000)
  eden space 65536K, 100% used [0x00000000f5580000,0x00000000f9580000,0x00000000f9580000)
  from space 10752K, 73% used [0x00000000f9580000,0x00000000f9d36120,0x00000000fa000000)
  to   space 10752K, 0% used [0x00000000fa000000,0x00000000fa000000,0x00000000faa80000)
 ParOldGen       total 175104K, used 8856K [0x00000000e0000000, 0x00000000eab00000, 0x00000000f5580000)
  object space 175104K, 5% used [0x00000000e0000000,0x00000000e08a63c8,0x00000000eab00000)
 Metaspace       used 33347K, capacity 34234K, committed 34304K, reserved 1079296K
  class space    used 4585K, capacity 4827K, committed 4864K, reserved 1048576K
Event: 12.374 GC heap after
Heap after GC invocations=7 (full 1):
 PSYoungGen      total 76288K, used 10285K [0x00000000f5580000, 0x00000000faa80000, 0x0000000100000000)
  eden space 65536K, 0% used [0x00000000f5580000,0x00000000f5580000,0x00000000f9580000)
  from space 10752K, 95% used [0x00000000fa000000,0x00000000faa0b708,0x00000000faa80000)
  to   space 10752K, 0% used [0x00000000f9580000,0x00000000f9580000,0x00000000fa000000)
 ParOldGen       total 175104K, used 8864K [0x00000000e0000000, 0x00000000eab00000, 0x00000000f5580000)
  object space 175104K, 5% used [0x00000000e0000000,0x00000000e08a83c8,0x00000000eab00000)
 Metaspace       used 33347K, capacity 34234K, committed 34304K, reserved 1079296K
  class space    used 4585K, capacity 4827K, committed 4864K, reserved 1048576K
}

