# JRE version: Java(TM) SE Runtime Environment (8.0_221-b11) (build 1.8.0_221-b11)
# Java VM: Java HotSpot(TM) 64-Bit Server VM (25.221-b11 mixed mode windows-amd64 compressed oops)
Heap:
 PSYoungGen      total 283136K, used 25471K [0x00000000eb380000, 0x00000000fde80000, 0x0000000100000000)
  eden space 275456K, 9% used [0x00000000eb380000,0x00000000ecc5fe90,0x00000000fc080000)
  from space 7680K, 0% used [0x00000000fd700000,0x00000000fd700000,0x00000000fde80000)
  to   space 14336K, 0% used [0x00000000fc280000,0x00000000fc280000,0x00000000fd080000)
 ParOldGen       total 75776K, used 22292K [0x00000000c1a00000, 0x00000000c6400000, 0x00000000eb380000)
  object space 75776K, 29% used [0x00000000c1a00000,0x00000000c2fc50a8,0x00000000c6400000)
 Metaspace       used 58094K, capacity 61450K, committed 61592K, reserved 1101824K
  class space    used 8012K, capacity 8576K, committed 8600K, reserved 1048576K
GC Heap History (10 events):
Event: 7.623 GC heap before
{Heap before GC invocations=13 (full 2):
 PSYoungGen      total 210432K, used 6024K [0x00000000eb380000, 0x00000000fa980000, 0x0000000100000000)
  eden space 200704K, 0% used [0x00000000eb380000,0x00000000eb380000,0x00000000f7780000)
  from space 9728K, 61% used [0x00000000f7780000,0x00000000f7d623b0,0x00000000f8100000)
  to   space 9728K, 0% used [0x00000000fa000000,0x00000000fa000000,0x00000000fa980000)
 ParOldGen       total 32768K, used 16131K [0x00000000c1a00000, 0x00000000c3a00000, 0x00000000eb380000)
  object space 32768K, 49% used [0x00000000c1a00000,0x00000000c29c0ca8,0x00000000c3a00000)
 Metaspace       used 33694K, capacity 35390K, committed 35496K, reserved 1079296K
  class space    used 4405K, capacity 4760K, committed 4776K, reserved 1048576K
Event: 7.741 GC heap after
Heap after GC invocations=13 (full 2):
 PSYoungGen      total 210432K, used 0K [0x00000000eb380000, 0x00000000fa980000, 0x0000000100000000)
  eden space 200704K, 0% used [0x00000000eb380000,0x00000000eb380000,0x00000000f7780000)
  from space 9728K, 0% used [0x00000000f7780000,0x00000000f7780000,0x00000000f8100000)
  to   space 9728K, 0% used [0x00000000fa000000,0x00000000fa000000,0x00000000fa980000)
 ParOldGen       total 55808K, used 17266K [0x00000000c1a00000, 0x00000000c5080000, 0x00000000eb380000)
  object space 55808K, 30% used [0x00000000c1a00000,0x00000000c2adcb28,0x00000000c5080000)
 Metaspace       used 33694K, capacity 35390K, committed 35496K, reserved 1079296K
  class space    used 4405K, capacity 4760K, committed 4776K, reserved 1048576K
}
Event: 10.752 GC heap before
{Heap before GC invocations=14 (full 2):
 PSYoungGen      total 210432K, used 200704K [0x00000000eb380000, 0x00000000fa980000, 0x0000000100000000)
  eden space 200704K, 100% used [0x00000000eb380000,0x00000000f7780000,0x00000000f7780000)
  from space 9728K, 0% used [0x00000000f7780000,0x00000000f7780000,0x00000000f8100000)
  to   space 9728K, 0% used [0x00000000fa000000,0x00000000fa000000,0x00000000fa980000)
 ParOldGen       total 55808K, used 17266K [0x00000000c1a00000, 0x00000000c5080000, 0x00000000eb380000)
  object space 55808K, 30% used [0x00000000c1a00000,0x00000000c2adcb28,0x00000000c5080000)
 Metaspace       used 48383K, capacity 50872K, committed 51112K, reserved 1093632K
  class space    used 6788K, capacity 7237K, committed 7336K, reserved 1048576K
Event: 10.778 GC heap after
Heap after GC invocations=14 (full 2):
 PSYoungGen      total 238592K, used 9709K [0x00000000eb380000, 0x00000000fc600000, 0x0000000100000000)
  eden space 228864K, 0% used [0x00000000eb380000,0x00000000eb380000,0x00000000f9300000)
  from space 9728K, 99% used [0x00000000fa000000,0x00000000fa97b438,0x00000000fa980000)
  to   space 13312K, 0% used [0x00000000f9300000,0x00000000f9300000,0x00000000fa000000)
 ParOldGen       total 55808K, used 24183K [0x00000000c1a00000, 0x00000000c5080000, 0x00000000eb380000)
  object space 55808K, 43% used [0x00000000c1a00000,0x00000000c319de78,0x00000000c5080000)
 Metaspace       used 48383K, capacity 50872K, committed 51112K, reserved 1093632K
  class space    used 6788K, capacity 7237K, committed 7336K, reserved 1048576K
}
Event: 13.546 GC heap before
{Heap before GC invocations=15 (full 2):
 PSYoungGen      total 238592K, used 238573K [0x00000000eb380000, 0x00000000fc600000, 0x0000000100000000)
  eden space 228864K, 100% used [0x00000000eb380000,0x00000000f9300000,0x00000000f9300000)
  from space 9728K, 99% used [0x00000000fa000000,0x00000000fa97b438,0x00000000fa980000)
  to   space 13312K, 0% used [0x00000000f9300000,0x00000000f9300000,0x00000000fa000000)
 ParOldGen       total 55808K, used 24183K [0x00000000c1a00000, 0x00000000c5080000, 0x00000000eb380000)
  object space 55808K, 43% used [0x00000000c1a00000,0x00000000c319de78,0x00000000c5080000)
 Metaspace       used 54730K, capacity 58048K, committed 58280K, reserved 1099776K
  class space    used 7717K, capacity 8281K, committed 8360K, reserved 1048576K
Event: 13.568 GC heap after
Heap after GC invocations=15 (full 2):
 PSYoungGen      total 242176K, used 11196K [0x00000000eb380000, 0x00000000fe500000, 0x0000000100000000)
  eden space 228864K, 0% used [0x00000000eb380000,0x00000000eb380000,0x00000000f9300000)
  from space 13312K, 84% used [0x00000000f9300000,0x00000000f9def170,0x00000000fa000000)
  to   space 14336K, 0% used [0x00000000fd700000,0x00000000fd700000,0x00000000fe500000)
 ParOldGen       total 55808K, used 28363K [0x00000000c1a00000, 0x00000000c5080000, 0x00000000eb380000)
  object space 55808K, 50% used [0x00000000c1a00000,0x00000000c35b2ed8,0x00000000c5080000)
 Metaspace       used 54730K, capacity 58048K, committed 58280K, reserved 1099776K
  class space    used 7717K, capacity 8281K, committed 8360K, reserved 1048576K
}
Event: 79.172 GC heap before
{Heap before GC invocations=16 (full 2):
 PSYoungGen      total 242176K, used 32959K [0x00000000eb380000, 0x00000000fe500000, 0x0000000100000000)
  eden space 228864K, 9% used [0x00000000eb380000,0x00000000ec8c0d70,0x00000000f9300000)
  from space 13312K, 84% used [0x00000000f9300000,0x00000000f9def170,0x00000000fa000000)
  to   space 14336K, 0% used [0x00000000fd700000,0x00000000fd700000,0x00000000fe500000)
 ParOldGen       total 55808K, used 28363K [0x00000000c1a00000, 0x00000000c5080000, 0x00000000eb380000)
  object space 55808K, 50% used [0x00000000c1a00000,0x00000000c35b2ed8,0x00000000c5080000)
 Metaspace       used 55781K, capacity 59052K, committed 59160K, reserved 1099776K
  class space    used 7837K, capacity 8379K, committed 8472K, reserved 1048576K
Event: 79.211 GC heap after
Heap after GC invocations=16 (full 2):
 PSYoungGen      total 283136K, used 7636K [0x00000000eb380000, 0x00000000fde80000, 0x0000000100000000)
  eden space 275456K, 0% used [0x00000000eb380000,0x00000000eb380000,0x00000000fc080000)
  from space 7680K, 99% used [0x00000000fd700000,0x00000000fde75338,0x00000000fde80000)
  to   space 14336K, 0% used [0x00000000fc280000,0x00000000fc280000,0x00000000fd080000)
 ParOldGen       total 55808K, used 28371K [0x00000000c1a00000, 0x00000000c5080000, 0x00000000eb380000)
  object space 55808K, 50% used [0x00000000c1a00000,0x00000000c35b4ed8,0x00000000c5080000)
 Metaspace       used 55781K, capacity 59052K, committed 59160K, reserved 1099776K
  class space    used 7837K, capacity 8379K, committed 8472K, reserved 1048576K
}
Event: 79.211 GC heap before
{Heap before GC invocations=17 (full 3):
 PSYoungGen      total 283136K, used 7636K [0x00000000eb380000, 0x00000000fde80000, 0x0000000100000000)
  eden space 275456K, 0% used [0x00000000eb380000,0x00000000eb380000,0x00000000fc080000)
  from space 7680K, 99% used [0x00000000fd700000,0x00000000fde75338,0x00000000fde80000)
  to   space 14336K, 0% used [0x00000000fc280000,0x00000000fc280000,0x00000000fd080000)
 ParOldGen       total 55808K, used 28371K [0x00000000c1a00000, 0x00000000c5080000, 0x00000000eb380000)
  object space 55808K, 50% used [0x00000000c1a00000,0x00000000c35b4ed8,0x00000000c5080000)
 Metaspace       used 55781K, capacity 59052K, committed 59160K, reserved 1099776K
  class space    used 7837K, capacity 8379K, committed 8472K, reserved 1048576K
Event: 79.659 GC heap after
Heap after GC invocations=17 (full 3):
 PSYoungGen      total 283136K, used 0K [0x00000000eb380000, 0x00000000fde80000, 0x0000000100000000)
  eden space 275456K, 0% used [0x00000000eb380000,0x00000000eb380000,0x00000000fc080000)
  from space 7680K, 0% used [0x00000000fd700000,0x00000000fd700000,0x00000000fde80000)
  to   space 14336K, 0% used [0x00000000fc280000,0x00000000fc280000,0x00000000fd080000)
 ParOldGen       total 75776K, used 22292K [0x00000000c1a00000, 0x00000000c6400000, 0x00000000eb380000)
  object space 75776K, 29% used [0x00000000c1a00000,0x00000000c2fc50a8,0x00000000c6400000)
 Metaspace       used 55781K, capacity 59052K, committed 59160K, reserved 1099776K
  class space    used 7837K, capacity 8379K, committed 8472K, reserved 1048576K
}

