# JRE version: Java(TM) SE Runtime Environment (8.0_221-b11) (build 1.8.0_221-b11)
# Java VM: Java HotSpot(TM) 64-Bit Server VM (25.221-b11 mixed mode windows-amd64 compressed oops)
Heap:
 PSYoungGen      total 76288K, used 62985K [0x00000000f5580000, 0x00000000faa80000, 0x0000000100000000)
  eden space 65536K, 83% used [0x00000000f5580000,0x00000000f8b18ab8,0x00000000f9580000)
  from space 10752K, 75% used [0x00000000f9580000,0x00000000f9d69cf0,0x00000000fa000000)
  to   space 10752K, 0% used [0x00000000fa000000,0x00000000fa000000,0x00000000faa80000)
 ParOldGen       total 175104K, used 8841K [0x00000000e0000000, 0x00000000eab00000, 0x00000000f5580000)
  object space 175104K, 5% used [0x00000000e0000000,0x00000000e08a26b0,0x00000000eab00000)
 Metaspace       used 32765K, capacity 33640K, committed 33792K, reserved 1079296K
  class space    used 4499K, capacity 4760K, committed 4864K, reserved 1048576K
GC Heap History (10 events):
Event: 5.343 GC heap before
{Heap before GC invocations=2 (full 0):
 PSYoungGen      total 76288K, used 71353K [0x00000000f5580000, 0x00000000faa80000, 0x0000000100000000)
  eden space 65536K, 100% used [0x00000000f5580000,0x00000000f9580000,0x00000000f9580000)
  from space 10752K, 54% used [0x00000000f9580000,0x00000000f9b2e558,0x00000000fa000000)
  to   space 10752K, 0% used [0x00000000fa000000,0x00000000fa000000,0x00000000faa80000)
 ParOldGen       total 175104K, used 8K [0x00000000e0000000, 0x00000000eab00000, 0x00000000f5580000)
  object space 175104K, 0% used [0x00000000e0000000,0x00000000e0002018,0x00000000eab00000)
 Metaspace       used 15159K, capacity 15594K, committed 15744K, reserved 1062912K
  class space    used 2048K, capacity 2161K, committed 2176K, reserved 1048576K
Event: 5.375 GC heap after
Heap after GC invocations=2 (full 0):
 PSYoungGen      total 76288K, used 9405K [0x00000000f5580000, 0x00000000faa80000, 0x0000000100000000)
  eden space 65536K, 0% used [0x00000000f5580000,0x00000000f5580000,0x00000000f9580000)
  from space 10752K, 87% used [0x00000000fa000000,0x00000000fa92f4b8,0x00000000faa80000)
  to   space 10752K, 0% used [0x00000000f9580000,0x00000000f9580000,0x00000000fa000000)
 ParOldGen       total 175104K, used 16K [0x00000000e0000000, 0x00000000eab00000, 0x00000000f5580000)
  object space 175104K, 0% used [0x00000000e0000000,0x00000000e0004018,0x00000000eab00000)
 Metaspace       used 15159K, capacity 15594K, committed 15744K, reserved 1062912K
  class space    used 2048K, capacity 2161K, committed 2176K, reserved 1048576K
}
Event: 7.655 GC heap before
{Heap before GC invocations=3 (full 0):
 PSYoungGen      total 76288K, used 74941K [0x00000000f5580000, 0x00000000faa80000, 0x0000000100000000)
  eden space 65536K, 100% used [0x00000000f5580000,0x00000000f9580000,0x00000000f9580000)
  from space 10752K, 87% used [0x00000000fa000000,0x00000000fa92f4b8,0x00000000faa80000)
  to   space 10752K, 0% used [0x00000000f9580000,0x00000000f9580000,0x00000000fa000000)
 ParOldGen       total 175104K, used 19K [0x00000000e0000000, 0x00000000eab00000, 0x00000000f5580000)
  object space 175104K, 0% used [0x00000000e0000000,0x00000000e0004d30,0x00000000eab00000)
 Metaspace       used 20453K, capacity 21090K, committed 21296K, reserved 1067008K
  class space    used 2934K, capacity 3121K, committed 3200K, reserved 1048576K
Event: 7.676 GC heap after
Heap after GC invocations=3 (full 0):
 PSYoungGen      total 76288K, used 10725K [0x00000000f5580000, 0x00000000faa80000, 0x0000000100000000)
  eden space 65536K, 0% used [0x00000000f5580000,0x00000000f5580000,0x00000000f9580000)
  from space 10752K, 99% used [0x00000000f9580000,0x00000000f9ff9480,0x00000000fa000000)
  to   space 10752K, 0% used [0x00000000fa000000,0x00000000fa000000,0x00000000faa80000)
 ParOldGen       total 175104K, used 1829K [0x00000000e0000000, 0x00000000eab00000, 0x00000000f5580000)
  object space 175104K, 1% used [0x00000000e0000000,0x00000000e01c97a0,0x00000000eab00000)
 Metaspace       used 20453K, capacity 21090K, committed 21296K, reserved 1067008K
  class space    used 2934K, capacity 3121K, committed 3200K, reserved 1048576K
}
Event: 7.737 GC heap before
{Heap before GC invocations=4 (full 0):
 PSYoungGen      total 76288K, used 15496K [0x00000000f5580000, 0x00000000faa80000, 0x0000000100000000)
  eden space 65536K, 7% used [0x00000000f5580000,0x00000000f5a28e90,0x00000000f9580000)
  from space 10752K, 99% used [0x00000000f9580000,0x00000000f9ff9480,0x00000000fa000000)
  to   space 10752K, 0% used [0x00000000fa000000,0x00000000fa000000,0x00000000faa80000)
 ParOldGen       total 175104K, used 1829K [0x00000000e0000000, 0x00000000eab00000, 0x00000000f5580000)
  object space 175104K, 1% used [0x00000000e0000000,0x00000000e01c97a0,0x00000000eab00000)
 Metaspace       used 20556K, capacity 21186K, committed 21296K, reserved 1067008K
  class space    used 2941K, capacity 3153K, committed 3200K, reserved 1048576K
Event: 7.756 GC heap after
Heap after GC invocations=4 (full 0):
 PSYoungGen      total 76288K, used 8942K [0x00000000f5580000, 0x00000000faa80000, 0x0000000100000000)
  eden space 65536K, 0% used [0x00000000f5580000,0x00000000f5580000,0x00000000f9580000)
  from space 10752K, 83% used [0x00000000fa000000,0x00000000fa8bb960,0x00000000faa80000)
  to   space 10752K, 0% used [0x00000000f9580000,0x00000000f9580000,0x00000000fa000000)
 ParOldGen       total 175104K, used 1837K [0x00000000e0000000, 0x00000000eab00000, 0x00000000f5580000)
  object space 175104K, 1% used [0x00000000e0000000,0x00000000e01cb7a0,0x00000000eab00000)
 Metaspace       used 20556K, capacity 21186K, committed 21296K, reserved 1067008K
  class space    used 2941K, capacity 3153K, committed 3200K, reserved 1048576K
}
Event: 7.757 GC heap before
{Heap before GC invocations=5 (full 1):
 PSYoungGen      total 76288K, used 8942K [0x00000000f5580000, 0x00000000faa80000, 0x0000000100000000)
  eden space 65536K, 0% used [0x00000000f5580000,0x00000000f5580000,0x00000000f9580000)
  from space 10752K, 83% used [0x00000000fa000000,0x00000000fa8bb960,0x00000000faa80000)
  to   space 10752K, 0% used [0x00000000f9580000,0x00000000f9580000,0x00000000fa000000)
 ParOldGen       total 175104K, used 1837K [0x00000000e0000000, 0x00000000eab00000, 0x00000000f5580000)
  object space 175104K, 1% used [0x00000000e0000000,0x00000000e01cb7a0,0x00000000eab00000)
 Metaspace       used 20556K, capacity 21186K, committed 21296K, reserved 1067008K
  class space    used 2941K, capacity 3153K, committed 3200K, reserved 1048576K
Event: 7.847 GC heap after
Heap after GC invocations=5 (full 1):
 PSYoungGen      total 76288K, used 0K [0x00000000f5580000, 0x00000000faa80000, 0x0000000100000000)
  eden space 65536K, 0% used [0x00000000f5580000,0x00000000f5580000,0x00000000f9580000)
  from space 10752K, 0% used [0x00000000fa000000,0x00000000fa000000,0x00000000faa80000)
  to   space 10752K, 0% used [0x00000000f9580000,0x00000000f9580000,0x00000000fa000000)
 ParOldGen       total 175104K, used 8833K [0x00000000e0000000, 0x00000000eab00000, 0x00000000f5580000)
  object space 175104K, 5% used [0x00000000e0000000,0x00000000e08a06b0,0x00000000eab00000)
 Metaspace       used 20556K, capacity 21186K, committed 21296K, reserved 1067008K
  class space    used 2941K, capacity 3153K, committed 3200K, reserved 1048576K
}
Event: 9.662 GC heap before
{Heap before GC invocations=6 (full 1):
 PSYoungGen      total 76288K, used 65536K [0x00000000f5580000, 0x00000000faa80000, 0x0000000100000000)
  eden space 65536K, 100% used [0x00000000f5580000,0x00000000f9580000,0x00000000f9580000)
  from space 10752K, 0% used [0x00000000fa000000,0x00000000fa000000,0x00000000faa80000)
  to   space 10752K, 0% used [0x00000000f9580000,0x00000000f9580000,0x00000000fa000000)
 ParOldGen       total 175104K, used 8833K [0x00000000e0000000, 0x00000000eab00000, 0x00000000f5580000)
  object space 175104K, 5% used [0x00000000e0000000,0x00000000e08a06b0,0x00000000eab00000)
 Metaspace       used 28273K, capacity 29088K, committed 29312K, reserved 1075200K
  class space    used 3968K, capacity 4219K, committed 4224K, reserved 1048576K
Event: 9.676 GC heap after
Heap after GC invocations=6 (full 1):
 PSYoungGen      total 76288K, used 8103K [0x00000000f5580000, 0x00000000faa80000, 0x0000000100000000)
  eden space 65536K, 0% used [0x00000000f5580000,0x00000000f5580000,0x00000000f9580000)
  from space 10752K, 75% used [0x00000000f9580000,0x00000000f9d69cf0,0x00000000fa000000)
  to   space 10752K, 0% used [0x00000000fa000000,0x00000000fa000000,0x00000000faa80000)
 ParOldGen       total 175104K, used 8841K [0x00000000e0000000, 0x00000000eab00000, 0x00000000f5580000)
  object space 175104K, 5% used [0x00000000e0000000,0x00000000e08a26b0,0x00000000eab00000)
 Metaspace       used 28273K, capacity 29088K, committed 29312K, reserved 1075200K
  class space    used 3968K, capacity 4219K, committed 4224K, reserved 1048576K
}

